Arguments: 
  C:\Program Files\nodejs\node.exe C:\Users\Igor\AppData\Roaming\npm\node_modules\yarn\bin\yarn.js add @types/dayjs -D

PATH: 
  C:\Program Files (x86)\NVIDIA Corporation\PhysX\Common;C:\Windows\system32;C:\Windows;C:\Windows\System32\Wbem;C:\Windows\System32\WindowsPowerShell\v1.0\;C:\Windows\System32\OpenSSH\;C:\Program Files\Microsoft VS Code\bin;C:\Program Files\Git\cmd;C:\Program Files\nodejs\;C:\Users\Igor\AppData\Local\Programs\Python\Python311;C:\Users\Igor\AppData\Local\Programs\Python\Python311\Scripts;C:\Program Files\dotnet\;C:\Users\Igor\AppData\Local\Microsoft\WindowsApps;C:\Users\Igor\AppData\Local\GitHubDesktop\bin;C:\Users\Igor\AppData\Roaming\npm

Yarn version: 
  1.22.19

Node version: 
  18.12.1

Platform: 
  win32 x64

Trace: 
  Error: https://registry.yarnpkg.com/@types%2fdayjs: Not found
      at params.callback [as _callback] (C:\Users\Igor\AppData\Roaming\npm\node_modules\yarn\lib\cli.js:66145:18)
      at self.callback (C:\Users\Igor\AppData\Roaming\npm\node_modules\yarn\lib\cli.js:140890:22)
      at Request.emit (node:events:513:28)
      at Request.<anonymous> (C:\Users\Igor\AppData\Roaming\npm\node_modules\yarn\lib\cli.js:141862:10)
      at Request.emit (node:events:513:28)
      at IncomingMessage.<anonymous> (C:\Users\Igor\AppData\Roaming\npm\node_modules\yarn\lib\cli.js:141784:12)
      at Object.onceWrapper (node:events:627:28)
      at IncomingMessage.emit (node:events:525:35)
      at endReadableNT (node:internal/streams/readable:1359:12)
      at process.processTicksAndRejections (node:internal/process/task_queues:82:21)

npm manifest: 
  {
    "dependencies": {
      "dayjs": "^1.11.7"
    }
  }

yarn manifest: 
  No manifest

Lockfile: 
  # THIS IS AN AUTOGENERATED FILE. DO NOT EDIT THIS FILE DIRECTLY.
  # yarn lockfile v1
  
  
  dayjs@^1.11.7:
    version "1.11.7"
    resolved "https://registry.yarnpkg.com/dayjs/-/dayjs-1.11.7.tgz#4b296922642f70999544d1144a2c25730fce63e2"
    integrity sha512-+Yw9U6YO5TQohxLcIkrXBeY73WP3ejHWVvx8XCk3gxvQDCTEmS48ZrSZCKciI7Bhl/uCMyxYtE9UqRILmFphkQ==
